-------------------------------------------------------------------------------
Test set: com.knubookStore.knubookStoreadmin.provider.service.BookStoreInfoDocumentationTests
-------------------------------------------------------------------------------
Tests run: 3, Failures: 0, Errors: 1, Skipped: 0, Time elapsed: 4.248 s <<< FAILURE! - in com.knubookStore.knubookStoreadmin.provider.service.BookStoreInfoDocumentationTests
서점_정보_등록_API_명세서_등록  Time elapsed: 1.292 s  <<< ERROR!
org.springframework.restdocs.payload.PayloadHandlingException: Cannot handle application/json;charset=UTF-8 content as it could not be parsed as JSON or XML
	at com.knubookStore.knubookStoreadmin.provider.service.BookStoreInfoDocumentationTests.서점_정보_등록_API_명세서_등록(BookStoreInfoDocumentationTests.java:107)

