-------------------------------------------------------------------------------
Test set: com.knubookStore.knubookStoreadmin.provider.service.BookDocumentationTests
-------------------------------------------------------------------------------
Tests run: 8, Failures: 0, Errors: 1, Skipped: 0, Time elapsed: 14.791 s <<< FAILURE! - in com.knubookStore.knubookStoreadmin.provider.service.BookDocumentationTests
책_등록_API_명세서_등록  Time elapsed: 1.335 s  <<< ERROR!
org.springframework.restdocs.payload.PayloadHandlingException: Cannot handle application/json;charset=UTF-8 content as it could not be parsed as JSON or XML
	at com.knubookStore.knubookStoreadmin.provider.service.BookDocumentationTests.책_등록_API_명세서_등록(BookDocumentationTests.java:102)

