<?xml version="1.0" encoding="UTF-8"?>
<testsuite xmlns:xsi="http://www.w3.org/2001/XMLSchema-instance" xsi:noNamespaceSchemaLocation="https://maven.apache.org/surefire/maven-surefire-plugin/xsd/surefire-test-report.xsd" name="com.knubookStore.knubookStoreadmin.provider.service.BookDocumentationTests" time="14.791" tests="8" errors="1" skipped="0" failures="0">
  <properties>
[...]
</properties>
  <testcase name="책_전체_목록_조회_API_명세서_등록" classname="com.knubookStore.knubookStoreadmin.provider.service.BookDocumentationTests" time="1.951"/>
  <testcase name="제목_기반_책_목록_조회_API_명세서_등록" classname="com.knubookStore.knubookStoreadmin.provider.service.BookDocumentationTests" time="2.172"/>
  <testcase name="사이트용_책_전체_조회_API_명세서_등록" classname="com.knubookStore.knubookStoreadmin.provider.service.BookDocumentationTests" time="1.639"/>
  <testcase name="사이트용_책_제목_기반_목록_조회_API_명세서_등록" classname="com.knubookStore.knubookStoreadmin.provider.service.BookDocumentationTests" time="1.33"/>
  <testcase name="책_등록_API_명세서_등록" classname="com.knubookStore.knubookStoreadmin.provider.service.BookDocumentationTests" time="1.335">
    <error message="Cannot handle application/json;charset=UTF-8 content as it could not be parsed as JSON or XML" type="org.springframework.restdocs.payload.PayloadHandlingException">org.springframework.restdocs.payload.PayloadHandlingException: Cannot handle application/json;charset=UTF-8 content as it could not be parsed as JSON or XML
	at com.knubookStore.knubookStoreadmin.provider.service.BookDocumentationTests.책_등록_API_명세서_등록(BookDocumentationTests.java:102)
</error>
    <system-out><![CDATA[2022-11-10 17:19:01.257  INFO 8696 --- [           main] o.s.t.c.transaction.TransactionContext   : Began transaction (1) for test context [DefaultTestContext@569d7074 testClass = BookDocumentationTests, testInstance = com.knubookStore.knubookStoreadmin.provider.service.BookDocumentationTests@53c68ea5, testMethod = 책_등록_API_명세서_등록@BookDocumentationTests, testException = [null], mergedContextConfiguration = [WebMergedContextConfiguration@33e6176b testClass = BookDocumentationTests, locations = '{}', classes = '{class com.knubookStore.knubookStoreadmin.KnuBookStoreAdminApplication}', contextInitializerClasses = '[]', activeProfiles = '{test}', propertySourceLocations = '{}', propertySourceProperties = '{org.springframework.boot.test.context.SpringBootTestContextBootstrapper=true}', contextCustomizers = set[[ImportsContextCustomizer@14ce13fa key = [@org.springframework.test.context.ActiveProfiles(profiles={}, resolver=org.springframework.test.context.ActiveProfilesResolver.class, value={"test"}, inheritProfiles=true), @org.springframework.boot.test.autoconfigure.web.servlet.AutoConfigureMockMvc(webDriverEnabled=true, print=DEFAULT, webClientEnabled=true, addFilters=true, printOnlyOnFailure=true), @org.springframework.boot.autoconfigure.ImportAutoConfiguration(value={}, exclude={}, classes={}), @org.springframework.boot.test.context.SpringBootTest(args={}, webEnvironment=MOCK, value={}, properties={}, classes={}), @org.springframework.test.context.BootstrapWith(value=org.springframework.boot.test.context.SpringBootTestContextBootstrapper.class), @org.springframework.context.annotation.Import(value={org.springframework.boot.test.autoconfigure.restdocs.RestDocumentationContextProviderRegistrar.class}), @org.springframework.boot.test.autoconfigure.restdocs.AutoConfigureRestDocs(uriScheme="http", outputDir="", uriPort=8080, value="", uriHost="localhost"), @org.springframework.context.annotation.Import(value={org.springframework.boot.autoconfigure.ImportAutoConfigurationImportSelector.class}), @org.springframework.boot.test.autoconfigure.properties.PropertyMapping(value="spring.test.mockmvc", skip=NO), @org.springframework.boot.test.autoconfigure.properties.PropertyMapping(value="spring.test.restdocs", skip=NO)]], org.springframework.boot.test.context.filter.ExcludeFilterContextCustomizer@5be49b60, org.springframework.boot.test.json.DuplicateJsonObjectContextCustomizerFactory$DuplicateJsonObjectContextCustomizer@19e7a160, org.springframework.boot.test.mock.mockito.MockitoContextCustomizer@0, org.springframework.boot.test.web.client.TestRestTemplateContextCustomizer@147a5d08, org.springframework.boot.test.autoconfigure.actuate.metrics.MetricsExportContextCustomizerFactory$DisableMetricExportContextCustomizer@6bf08014, org.springframework.boot.test.autoconfigure.properties.PropertyMappingContextCustomizer@63da79bb, org.springframework.boot.test.autoconfigure.web.servlet.WebDriverContextCustomizerFactory$Customizer@409c54f, org.springframework.boot.test.context.SpringBootTestArgs@1, org.springframework.boot.test.context.SpringBootTestWebEnvironment@7ed7259e], resourceBasePath = 'src/main/webapp', contextLoader = 'org.springframework.boot.test.context.SpringBootContextLoader', parent = [null]], attributes = map['org.springframework.test.context.web.ServletTestExecutionListener.activateListener' -> true, 'org.springframework.test.context.web.ServletTestExecutionListener.populatedRequestContextHolder' -> true, 'org.springframework.test.context.web.ServletTestExecutionListener.resetRequestContextHolder' -> true, 'org.springframework.test.context.event.ApplicationEventsTestExecutionListener.recordApplicationEvents' -> false]]; transaction manager [org.springframework.orm.jpa.JpaTransactionManager@2cbc0224]; rollback [true]
2022-11-10 17:19:01.260  INFO 8696 --- [           main] o.s.b.t.m.w.SpringBootMockServletContext : Initializing Spring TestDispatcherServlet ''
2022-11-10 17:19:01.260  INFO 8696 --- [           main] o.s.t.web.servlet.TestDispatcherServlet  : Initializing Servlet ''
2022-11-10 17:19:01.262  INFO 8696 --- [           main] o.s.t.web.servlet.TestDispatcherServlet  : Completed initialization in 2 ms
Hibernate: 
    select
        book0_.id as id1_1_,
        book0_.author as author2_1_,
        book0_.image as image3_1_,
        book0_.isbn as isbn4_1_,
        book0_.price as price5_1_,
        book0_.pubdate as pubdate6_1_,
        book0_.publisher as publishe7_1_,
        book0_.registration_date as registra8_1_,
        book0_.stock as stock9_1_,
        book0_.title as title10_1_,
        book0_.type as type11_1_ 
    from
        book book0_ 
    where
        book0_.isbn=?
Hibernate: 
    insert 
    into
        book
        (id, author, image, isbn, price, pubdate, publisher, registration_date, stock, title, type) 
    values
        (default, ?, ?, ?, ?, ?, ?, ?, ?, ?, ?)

MockHttpServletRequest:
      HTTP Method = POST
      Request URI = /admin/manage/book
       Parameters = {}
          Headers = [Content-Type:"application/json;charset=UTF-8", Accept:"application/json", Content-Length:"171"]
             Body = {"image":"url","author":"조슈아 블로크","price":32400,"isbn":"9788966262281","publisher":"인사이트","title":"이펙티브 자바","stock":3,"pubdate":"20181101"}
    Session Attrs = {}

Handler:
             Type = com.knubookStore.knubookStoreadmin.web.BookController
           Method = com.knubookStore.knubookStoreadmin.web.BookController#registerBook(RegisterBookDto)

Async:
    Async started = false
     Async result = null

Resolved Exception:
             Type = null

ModelAndView:
        View name = null
             View = null
            Model = null

FlashMap:
       Attributes = null

MockHttpServletResponse:
           Status = 200
    Error message = null
          Headers = [Vary:"Origin", "Access-Control-Request-Method", "Access-Control-Request-Headers", Content-Type:"application/json;charset=UTF-8"]
     Content type = application/json;charset=UTF-8
             Body = {"id":"72255173-69f4-469f-963c-8ce407873d30","dateTime":"2022-11-10T08:19:01.438+00:00","message":"책 등록 성공","data":null}
    Forwarded URL = null
   Redirected URL = null
          Cookies = []

MockHttpServletRequest:
      HTTP Method = POST
      Request URI = /admin/manage/book
       Parameters = {}
          Headers = [Content-Type:"application/json;charset=UTF-8", Accept:"application/json", Content-Length:"171"]
             Body = {"image":"url","author":"조슈아 블로크","price":32400,"isbn":"9788966262281","publisher":"인사이트","title":"이펙티브 자바","stock":3,"pubdate":"20181101"}
    Session Attrs = {}

Handler:
             Type = com.knubookStore.knubookStoreadmin.web.BookController
           Method = com.knubookStore.knubookStoreadmin.web.BookController#registerBook(RegisterBookDto)

Async:
    Async started = false
     Async result = null

Resolved Exception:
             Type = null

ModelAndView:
        View name = null
             View = null
            Model = null

FlashMap:
       Attributes = null

MockHttpServletResponse:
           Status = 200
    Error message = null
          Headers = [Vary:"Origin", "Access-Control-Request-Method", "Access-Control-Request-Headers", Content-Type:"application/json;charset=UTF-8"]
     Content type = application/json;charset=UTF-8
             Body = {"id":"72255173-69f4-469f-963c-8ce407873d30","dateTime":"2022-11-10T08:19:01.438+00:00","message":"책 등록 성공","data":null}
    Forwarded URL = null
   Redirected URL = null
          Cookies = []
2022-11-10 17:19:01.740  INFO 8696 --- [           main] o.s.t.c.transaction.TransactionContext   : Rolled back transaction for test: [DefaultTestContext@569d7074 testClass = BookDocumentationTests, testInstance = com.knubookStore.knubookStoreadmin.provider.service.BookDocumentationTests@53c68ea5, testMethod = 책_등록_API_명세서_등록@BookDocumentationTests, testException = org.springframework.restdocs.payload.PayloadHandlingException: Cannot handle application/json;charset=UTF-8 content as it could not be parsed as JSON or XML, mergedContextConfiguration = [WebMergedContextConfiguration@33e6176b testClass = BookDocumentationTests, locations = '{}', classes = '{class com.knubookStore.knubookStoreadmin.KnuBookStoreAdminApplication}', contextInitializerClasses = '[]', activeProfiles = '{test}', propertySourceLocations = '{}', propertySourceProperties = '{org.springframework.boot.test.context.SpringBootTestContextBootstrapper=true}', contextCustomizers = set[[ImportsContextCustomizer@14ce13fa key = [@org.springframework.test.context.ActiveProfiles(profiles={}, resolver=org.springframework.test.context.ActiveProfilesResolver.class, value={"test"}, inheritProfiles=true), @org.springframework.boot.test.autoconfigure.web.servlet.AutoConfigureMockMvc(webDriverEnabled=true, print=DEFAULT, webClientEnabled=true, addFilters=true, printOnlyOnFailure=true), @org.springframework.boot.autoconfigure.ImportAutoConfiguration(value={}, exclude={}, classes={}), @org.springframework.boot.test.context.SpringBootTest(args={}, webEnvironment=MOCK, value={}, properties={}, classes={}), @org.springframework.test.context.BootstrapWith(value=org.springframework.boot.test.context.SpringBootTestContextBootstrapper.class), @org.springframework.context.annotation.Import(value={org.springframework.boot.test.autoconfigure.restdocs.RestDocumentationContextProviderRegistrar.class}), @org.springframework.boot.test.autoconfigure.restdocs.AutoConfigureRestDocs(uriScheme="http", outputDir="", uriPort=8080, value="", uriHost="localhost"), @org.springframework.context.annotation.Import(value={org.springframework.boot.autoconfigure.ImportAutoConfigurationImportSelector.class}), @org.springframework.boot.test.autoconfigure.properties.PropertyMapping(value="spring.test.mockmvc", skip=NO), @org.springframework.boot.test.autoconfigure.properties.PropertyMapping(value="spring.test.restdocs", skip=NO)]], org.springframework.boot.test.context.filter.ExcludeFilterContextCustomizer@5be49b60, org.springframework.boot.test.json.DuplicateJsonObjectContextCustomizerFactory$DuplicateJsonObjectContextCustomizer@19e7a160, org.springframework.boot.test.mock.mockito.MockitoContextCustomizer@0, org.springframework.boot.test.web.client.TestRestTemplateContextCustomizer@147a5d08, org.springframework.boot.test.autoconfigure.actuate.metrics.MetricsExportContextCustomizerFactory$DisableMetricExportContextCustomizer@6bf08014, org.springframework.boot.test.autoconfigure.properties.PropertyMappingContextCustomizer@63da79bb, org.springframework.boot.test.autoconfigure.web.servlet.WebDriverContextCustomizerFactory$Customizer@409c54f, org.springframework.boot.test.context.SpringBootTestArgs@1, org.springframework.boot.test.context.SpringBootTestWebEnvironment@7ed7259e], resourceBasePath = 'src/main/webapp', contextLoader = 'org.springframework.boot.test.context.SpringBootContextLoader', parent = [null]], attributes = map['org.springframework.test.context.web.ServletTestExecutionListener.activateListener' -> true, 'org.springframework.test.context.web.ServletTestExecutionListener.populatedRequestContextHolder' -> true, 'org.springframework.test.context.web.ServletTestExecutionListener.resetRequestContextHolder' -> true, 'org.springframework.test.context.event.ApplicationEventsTestExecutionListener.recordApplicationEvents' -> false]]
]]></system-out>
    <system-err><![CDATA[[Fatal Error] :1:1: Content is not allowed in prolog.
]]></system-err>
  </testcase>
  <testcase name="책_정보_수정_API_명세서_등록" classname="com.knubookStore.knubookStoreadmin.provider.service.BookDocumentationTests" time="1.249"/>
  <testcase name="책_정보_삭제_API_명세서_등록" classname="com.knubookStore.knubookStoreadmin.provider.service.BookDocumentationTests" time="1.243"/>
  <testcase name="책_조회_API_명세서_등록" classname="com.knubookStore.knubookStoreadmin.provider.service.BookDocumentationTests" time="1.29"/>
</testsuite>